{"level":"info","message":"알림 스케줄러가 초기화되었습니다.","timestamp":"2025-05-04 23:01:40"}
{"level":"error","message":"Port 5000 is busy, trying port 5001...","timestamp":"2025-05-04 23:01:40"}
{"level":"info","message":"Server running in production mode on port 5001","timestamp":"2025-05-04 23:01:40"}
{"level":"info","message":"MongoDB Connected: cluster0-shard-00-01.2mvqu.mongodb.net","timestamp":"2025-05-04 23:01:41"}
{"level":"info","message":"Theme templates already exist, skipping seed","timestamp":"2025-05-04 23:01:41"}
{"level":"info","message":"알림 스케줄러가 초기화되었습니다.","timestamp":"2025-05-04 23:12:52"}
{"level":"error","message":"Port 5000 is busy, trying port 5001...","timestamp":"2025-05-04 23:12:52"}
{"level":"info","message":"Server running in production mode on port 5001","timestamp":"2025-05-04 23:12:52"}
{"level":"info","message":"MongoDB Connected: cluster0-shard-00-02.2mvqu.mongodb.net","timestamp":"2025-05-04 23:12:53"}
{"level":"info","message":"알림 스케줄러가 초기화되었습니다.","timestamp":"2025-05-04 23:23:48"}
{"level":"error","message":"Port 5000 is busy, trying port 5001...","timestamp":"2025-05-04 23:23:48"}
{"level":"info","message":"Server running in production mode on port 5001","timestamp":"2025-05-04 23:23:48"}
{"level":"info","message":"MongoDB Connected: cluster0-shard-00-00.2mvqu.mongodb.net","timestamp":"2025-05-04 23:23:48"}
{"level":"info","message":"Theme templates already exist, skipping seed","timestamp":"2025-05-04 23:23:49"}
{"level":"info","message":"알림 스케줄러가 초기화되었습니다.","timestamp":"2025-05-04 23:59:08"}
{"level":"error","message":"Port 5000 is busy, trying port 5001...","timestamp":"2025-05-04 23:59:08"}
{"level":"info","message":"Server running in production mode on port 5001","timestamp":"2025-05-04 23:59:08"}
{"level":"info","message":"MongoDB Connected: cluster0-shard-00-02.2mvqu.mongodb.net","timestamp":"2025-05-04 23:59:08"}
{"level":"info","message":"Theme templates already exist, skipping seed","timestamp":"2025-05-04 23:59:09"}
{"level":"info","message":"알림 스케줄러가 초기화되었습니다.","timestamp":"2025-05-05 00:17:19"}
{"level":"error","message":"Port 5000 is busy, trying port 5001...","timestamp":"2025-05-05 00:17:19"}
{"level":"info","message":"Server running in production mode on port 5001","timestamp":"2025-05-05 00:17:19"}
{"level":"info","message":"MongoDB Connected: cluster0-shard-00-02.2mvqu.mongodb.net","timestamp":"2025-05-05 00:17:20"}
{"level":"info","message":"알림 스케줄러가 초기화되었습니다.","timestamp":"2025-05-05 10:41:07"}
{"level":"error","message":"Port 5000 is busy, trying port 5001...","timestamp":"2025-05-05 10:41:07"}
{"level":"info","message":"Server running in production mode on port 5001","timestamp":"2025-05-05 10:41:07"}
{"level":"info","message":"MongoDB Connected: cluster0-shard-00-01.2mvqu.mongodb.net","timestamp":"2025-05-05 10:41:07"}
{"level":"info","message":"Theme templates already exist, skipping seed","timestamp":"2025-05-05 10:41:08"}
{"level":"info","message":"알림 스케줄러가 초기화되었습니다.","timestamp":"2025-05-05 16:08:40"}
{"level":"error","message":"Port 5000 is busy, trying port 5001...","timestamp":"2025-05-05 16:08:40"}
{"level":"info","message":"Server running in production mode on port 5001","timestamp":"2025-05-05 16:08:40"}
{"level":"info","message":"MongoDB Connected: cluster0-shard-00-01.2mvqu.mongodb.net","timestamp":"2025-05-05 16:08:40"}
{"level":"info","message":"알림 스케줄러가 초기화되었습니다.","timestamp":"2025-05-05 17:27:10"}
{"level":"error","message":"Port 5000 is busy, trying port 5001...","timestamp":"2025-05-05 17:27:10"}
{"level":"info","message":"Server running in production mode on port 5001","timestamp":"2025-05-05 17:27:10"}
{"level":"info","message":"MongoDB Connected: cluster0-shard-00-01.2mvqu.mongodb.net","timestamp":"2025-05-05 17:27:11"}
{"level":"info","message":"Theme templates already exist, skipping seed","timestamp":"2025-05-05 17:27:11"}
{"level":"info","message":"알림 스케줄러가 초기화되었습니다.","timestamp":"2025-05-07 03:11:17"}
{"level":"error","message":"Port 5000 is busy, trying port 5001...","timestamp":"2025-05-07 03:11:17"}
{"level":"info","message":"Server running in production mode on port 5001","timestamp":"2025-05-07 03:11:17"}
{"level":"info","message":"MongoDB Connected: cluster0-shard-00-00.2mvqu.mongodb.net","timestamp":"2025-05-07 03:11:18"}
{"level":"info","message":"Theme templates already exist, skipping seed","timestamp":"2025-05-07 03:11:18"}
{"level":"info","message":"알림 스케줄러가 초기화되었습니다.","timestamp":"2025-05-14 15:54:46"}
{"level":"error","message":"Port 5000 is busy, trying port 5001...","timestamp":"2025-05-14 15:54:46"}
{"level":"info","message":"Server running in production mode on port 5001","timestamp":"2025-05-14 15:54:46"}
{"level":"info","message":"MongoDB Connected: cluster0-shard-00-01.2mvqu.mongodb.net","timestamp":"2025-05-14 15:54:46"}
{"level":"info","message":"Theme templates already exist, skipping seed","timestamp":"2025-05-14 15:54:47"}
{"level":"info","message":"알림 스케줄러가 초기화되었습니다.","timestamp":"2025-05-14 16:30:08"}
{"level":"error","message":"Port 5000 is busy, trying port 5001...","timestamp":"2025-05-14 16:30:08"}
{"level":"info","message":"Server running in production mode on port 5001","timestamp":"2025-05-14 16:30:08"}
{"level":"info","message":"MongoDB Connected: cluster0-shard-00-01.2mvqu.mongodb.net","timestamp":"2025-05-14 16:30:08"}
{"level":"info","message":"Theme templates seeded successfully","timestamp":"2025-05-14 16:30:09"}
{"level":"info","message":"알림 스케줄러가 초기화되었습니다.","timestamp":"2025-05-14 16:44:17"}
{"level":"error","message":"Port 5000 is busy, trying port 5001...","timestamp":"2025-05-14 16:44:17"}
{"level":"info","message":"Server running in production mode on port 5001","timestamp":"2025-05-14 16:44:17"}
